{"level":"info","message":"Page titles fetched, fetched 26 titles.","service":"healthspan"}
{"level":"info","message":"Page content fetched for Antioxidant|Areas of interest|Atherosclerosis|Athletics Greens (AG1)|Berkey Filter|Bristle|Dental care|Fish Oil|Foundational supplements|Free Radicals","service":"healthspan"}
{"level":"info","message":"Page content fetched for Healthspan|Hormesis|Longevity|Main Page|Microbiome|Nutrition|Oral microbiome|Oral probiotics|Oxidative stress|Probiotics","service":"healthspan"}
{"level":"info","message":"Page content fetched for Promethease|Radiation|Saturated Fat|Sleep|Water|White Noise Machine","service":"healthspan"}
{"level":"info","message":"Retrieved contents for 26 pages","service":"healthspan"}
{"level":"info","message":"Successfully logged in to wiki","service":"healthspan"}
{"level":"info","message":"{\"edit\":{\"result\":\"Success\",\"pageid\":1,\"title\":\"Main Page\",\"contentmodel\":\"wikitext\",\"oldrevid\":170,\"newrevid\":171,\"newtimestamp\":\"2023-06-14T20:37:46Z\",\"watched\":\"\"}}","service":"healthspan"}
{"level":"info","message":"Page Main Page edited successfully.","service":"healthspan"}
{"level":"info","message":"{\"edit\":{\"result\":\"Success\",\"pageid\":3,\"title\":\"Microbiome\",\"contentmodel\":\"wikitext\",\"oldrevid\":155,\"newrevid\":172,\"newtimestamp\":\"2023-06-14T20:37:46Z\",\"watched\":\"\"}}","service":"healthspan"}
{"level":"info","message":"Page Microbiome edited successfully.","service":"healthspan"}
{"level":"info","message":"Category assignment completed","service":"healthspan"}
{"level":"info","message":"{\"edit\":{\"new\":\"\",\"result\":\"Success\",\"pageid\":37,\"title\":\"Circadian Rhythm\",\"contentmodel\":\"wikitext\",\"oldrevid\":0,\"newrevid\":173,\"newtimestamp\":\"2023-06-14T20:37:47Z\",\"watched\":\"\"}}","service":"healthspan"}
{"level":"info","message":"Page Circadian Rhythm edited successfully.","service":"healthspan"}
{"level":"info","message":"{\"edit\":{\"result\":\"Success\",\"pageid\":37,\"title\":\"Circadian Rhythm\",\"contentmodel\":\"wikitext\",\"nochange\":\"\",\"watched\":\"\"}}","service":"healthspan"}
{"level":"info","message":"Page Circadian Rhythm edited successfully.","service":"healthspan"}
{"level":"info","message":"Created new pages for dead links","service":"healthspan"}
{"level":"info","message":"Created markdown files for all pages","service":"healthspan"}
{"level":"info","message":"Deleted all files in the target folder","service":"healthspan"}
{"level":"info","message":"Uploaded new files to the target folder","service":"healthspan"}
{"level":"info","message":"Deleted local markdown files","service":"healthspan"}
{"level":"info","message":"Script completed successfully","service":"healthspan"}
